<?xml version="1.0" encoding="UTF-8"?>
<!-- Generated by org.testng.reporters.JUnitXMLReporter -->
<testsuite ignored="0" hostname="DESKTOP-P4DO3J3" failures="0" tests="7" name="Test" time="2.576" errors="0" timestamp="2022-10-14T08:46:55 IST">
  <testcase classname="com.simplilearn.AadharApplicationTestscode" name="@BeforeMethod beforeMethod" time="2.375">
    <failure type="java.lang.NoSuchMethodError" message="&amp;apos;com.google.common.collect.ImmutableMap com.google.common.collect.ImmutableMap.of(java.lang.Object, java.lang.Object, java.lang.Object, java.lang.Object, java.lang.Object, java.lang.Object, java.lang.Object, java.lang.Object, java.lang.Object, java.lang.Object, java.lang.Object, java.lang.Object)&amp;apos;">
      <![CDATA[java.lang.NoSuchMethodError: 'com.google.common.collect.ImmutableMap com.google.common.collect.ImmutableMap.of(java.lang.Object, java.lang.Object, java.lang.Object, java.lang.Object, java.lang.Object, java.lang.Object, java.lang.Object, java.lang.Object, java.lang.Object, java.lang.Object, java.lang.Object, java.lang.Object)'
at org.openqa.selenium.chrome.AddHasCasting.getAdditionalCommands(AddHasCasting.java:38)
at org.openqa.selenium.chrome.ChromeDriver$ChromeDriverCommandExecutor.getExtraCommands(ChromeDriver.java:123)
at org.openqa.selenium.chrome.ChromeDriver$ChromeDriverCommandExecutor.<init>(ChromeDriver.java:118)
at org.openqa.selenium.chrome.ChromeDriver.<init>(ChromeDriver.java:106)
at org.openqa.selenium.chrome.ChromeDriver.<init>(ChromeDriver.java:93)
at org.openqa.selenium.chrome.ChromeDriver.<init>(ChromeDriver.java:48)
at com.simplilearn.AadharApplicationTestscode.beforeMethod(AadharApplicationTestscode.java:112)
at java.base/java.util.ArrayList.forEach(ArrayList.java:1511)
... Removed 31 stack frames]]>
    </failure>
  </testcase> <!-- @BeforeMethod beforeMethod -->
  <testcase classname="com.simplilearn.AadharApplicationTestscode" name="@AfterMethod afterMethod" time="0.0">
    <skipped/>
  </testcase> <!-- @AfterMethod afterMethod -->
  <testcase classname="com.simplilearn.AadharApplicationTestscode" name="@BeforeMethod beforeMethod" time="0.0">
    <skipped/>
  </testcase> <!-- @BeforeMethod beforeMethod -->
  <testcase classname="com.simplilearn.AadharApplicationTestscode" name="@AfterMethod afterMethod" time="0.0">
    <skipped/>
  </testcase> <!-- @AfterMethod afterMethod -->
  <testcase classname="com.simplilearn.AadharApplicationTestscode" name="@BeforeMethod beforeMethod" time="0.0">
    <skipped/>
  </testcase> <!-- @BeforeMethod beforeMethod -->
  <testcase classname="com.simplilearn.AadharApplicationTestscode" name="@AfterMethod afterMethod" time="0.0">
    <skipped/>
  </testcase> <!-- @AfterMethod afterMethod -->
  <testcase classname="com.simplilearn.AadharApplicationTestscode" name="@BeforeMethod beforeMethod" time="0.0">
    <skipped/>
  </testcase> <!-- @BeforeMethod beforeMethod -->
  <testcase classname="com.simplilearn.AadharApplicationTestscode" name="@AfterMethod afterMethod" time="0.0">
    <skipped/>
  </testcase> <!-- @AfterMethod afterMethod -->
  <testcase classname="com.simplilearn.AadharApplicationTestscode" name="@BeforeMethod beforeMethod" time="0.0">
    <skipped/>
  </testcase> <!-- @BeforeMethod beforeMethod -->
  <testcase classname="com.simplilearn.AadharApplicationTestscode" name="@AfterMethod afterMethod" time="0.0">
    <skipped/>
  </testcase> <!-- @AfterMethod afterMethod -->
  <testcase classname="com.simplilearn.AadharApplicationTestscode" name="@BeforeMethod beforeMethod" time="0.0">
    <skipped/>
  </testcase> <!-- @BeforeMethod beforeMethod -->
  <testcase classname="com.simplilearn.AadharApplicationTestscode" name="@AfterMethod afterMethod" time="0.0">
    <skipped/>
  </testcase> <!-- @AfterMethod afterMethod -->
  <testcase classname="com.simplilearn.AadharApplicationTestscode" name="@BeforeMethod beforeMethod" time="0.0">
    <skipped/>
  </testcase> <!-- @BeforeMethod beforeMethod -->
  <testcase classname="com.simplilearn.AadharApplicationTestscode" name="@AfterMethod afterMethod" time="0.0">
    <skipped/>
  </testcase> <!-- @AfterMethod afterMethod -->
  <testcase classname="com.simplilearn.AadharApplicationTestscode" name="testing" time="0.0">
    <skipped/>
  </testcase> <!-- testing -->
  <testcase classname="com.simplilearn.AadharApplicationTestscode" name="signup" time="0.001">
    <skipped/>
  </testcase> <!-- signup -->
  <testcase classname="com.simplilearn.AadharApplicationTestscode" name="signin" time="0.001">
    <skipped/>
  </testcase> <!-- signin -->
  <testcase classname="com.simplilearn.AadharApplicationTestscode" name="adminhome" time="0.001">
    <skipped/>
  </testcase> <!-- adminhome -->
  <testcase classname="com.simplilearn.AadharApplicationTestscode" name="userhome" time="0.0">
    <skipped/>
  </testcase> <!-- userhome -->
  <testcase classname="com.simplilearn.AadharApplicationTestscode" name="loadusers" time="0.001">
    <skipped/>
  </testcase> <!-- loadusers -->
  <testcase classname="com.simplilearn.AadharApplicationTestscode" name="approve" time="0.0">
    <skipped/>
  </testcase> <!-- approve -->
</testsuite> <!-- Test -->
